  CMainMenuState.cpp
h:\-xx cpp projekts xx-\games\spaceinvaders2.0\spaceinvaders2.0\cmainmenustate.cpp(24): warning C4244: 'argument': conversion from 'float' to 'unsigned int', possible loss of data
h:\-xx cpp projekts xx-\games\spaceinvaders2.0\spaceinvaders2.0\cmainmenustate.cpp(30): warning C4244: 'argument': conversion from 'float' to 'unsigned int', possible loss of data
h:\-xx cpp projekts xx-\games\spaceinvaders2.0\spaceinvaders2.0\cmainmenustate.cpp(36): warning C4244: 'argument': conversion from 'float' to 'unsigned int', possible loss of data
h:\-xx cpp projekts xx-\games\spaceinvaders2.0\spaceinvaders2.0\cmainmenustate.cpp(42): warning C4244: 'argument': conversion from 'float' to 'unsigned int', possible loss of data
h:\-xx cpp projekts xx-\games\spaceinvaders2.0\spaceinvaders2.0\cmainmenustate.cpp(48): warning C4244: 'argument': conversion from 'float' to 'unsigned int', possible loss of data
h:\-xx cpp projekts xx-\games\spaceinvaders2.0\spaceinvaders2.0\cmainmenustate.cpp(26): warning C4996: 'sf::Text::setColor': was declared deprecated
  h:\xx_libs_xx\c++\sfml\2.4.0\sfml2.4.0 vs15\include\sfml\graphics\text.hpp(177): note: see declaration of 'sf::Text::setColor'
h:\-xx cpp projekts xx-\games\spaceinvaders2.0\spaceinvaders2.0\cmainmenustate.cpp(32): warning C4996: 'sf::Text::setColor': was declared deprecated
  h:\xx_libs_xx\c++\sfml\2.4.0\sfml2.4.0 vs15\include\sfml\graphics\text.hpp(177): note: see declaration of 'sf::Text::setColor'
h:\-xx cpp projekts xx-\games\spaceinvaders2.0\spaceinvaders2.0\cmainmenustate.cpp(38): warning C4996: 'sf::Text::setColor': was declared deprecated
  h:\xx_libs_xx\c++\sfml\2.4.0\sfml2.4.0 vs15\include\sfml\graphics\text.hpp(177): note: see declaration of 'sf::Text::setColor'
h:\-xx cpp projekts xx-\games\spaceinvaders2.0\spaceinvaders2.0\cmainmenustate.cpp(44): warning C4996: 'sf::Text::setColor': was declared deprecated
  h:\xx_libs_xx\c++\sfml\2.4.0\sfml2.4.0 vs15\include\sfml\graphics\text.hpp(177): note: see declaration of 'sf::Text::setColor'
h:\-xx cpp projekts xx-\games\spaceinvaders2.0\spaceinvaders2.0\cmainmenustate.cpp(50): warning C4996: 'sf::Text::setColor': was declared deprecated
  h:\xx_libs_xx\c++\sfml\2.4.0\sfml2.4.0 vs15\include\sfml\graphics\text.hpp(177): note: see declaration of 'sf::Text::setColor'
h:\-xx cpp projekts xx-\games\spaceinvaders2.0\spaceinvaders2.0\cmainmenustate.cpp(88): warning C4244: 'argument': conversion from 'int' to 'float', possible loss of data
h:\-xx cpp projekts xx-\games\spaceinvaders2.0\spaceinvaders2.0\cmainmenustate.cpp(98): warning C4244: 'argument': conversion from 'int' to 'float', possible loss of data
h:\-xx cpp projekts xx-\games\spaceinvaders2.0\spaceinvaders2.0\cmainmenustate.cpp(89): warning C4996: 'sf::Text::setColor': was declared deprecated
  h:\xx_libs_xx\c++\sfml\2.4.0\sfml2.4.0 vs15\include\sfml\graphics\text.hpp(177): note: see declaration of 'sf::Text::setColor'
h:\-xx cpp projekts xx-\games\spaceinvaders2.0\spaceinvaders2.0\cmainmenustate.cpp(92): warning C4996: 'sf::Text::setColor': was declared deprecated
  h:\xx_libs_xx\c++\sfml\2.4.0\sfml2.4.0 vs15\include\sfml\graphics\text.hpp(177): note: see declaration of 'sf::Text::setColor'
h:\-xx cpp projekts xx-\games\spaceinvaders2.0\spaceinvaders2.0\cmainmenustate.cpp(99): warning C4996: 'sf::Text::setColor': was declared deprecated
  h:\xx_libs_xx\c++\sfml\2.4.0\sfml2.4.0 vs15\include\sfml\graphics\text.hpp(177): note: see declaration of 'sf::Text::setColor'
h:\-xx cpp projekts xx-\games\spaceinvaders2.0\spaceinvaders2.0\cmainmenustate.cpp(102): warning C4996: 'sf::Text::setColor': was declared deprecated
  h:\xx_libs_xx\c++\sfml\2.4.0\sfml2.4.0 vs15\include\sfml\graphics\text.hpp(177): note: see declaration of 'sf::Text::setColor'
  SpaceInvaders2.0.vcxproj -> H:\-xX CPP PROJEKTS Xx-\GAMEs\SpaceInvaders2.0\Debug\SpaceInvaders2.0.exe
  SpaceInvaders2.0.vcxproj -> H:\-xX CPP PROJEKTS Xx-\GAMEs\SpaceInvaders2.0\Debug\SpaceInvaders2.0.pdb (Full PDB)
